<?xml version="1.0" encoding="UTF-8"?>
<!-- Generated by org.testng.reporters.JUnitReportReporter -->
<testsuite skipped="0" hostname="DESKTOP-3NEPPNG" name="com.framework.appium.ChromeBrowserTest" tests="2" failures="0" timestamp="09 Sep 2018 17:31:29 GMT" time="45.201" errors="0">
  <testcase name="requestDemo" time="30.864" classname="com.framework.appium.ChromeBrowserTest"/>
  <testcase name="contactUs" time="14.337" classname="com.framework.appium.ChromeBrowserTest"/>
</testsuite> <!-- com.framework.appium.ChromeBrowserTest -->
