<?xml version="1.0" encoding="UTF-8"?>
<!-- Generated by org.testng.reporters.JUnitReportReporter -->
<testsuite skipped="0" hostname="DESKTOP-3NEPPNG" name="com.framework.tests.TheFloowTests" tests="2" failures="0" timestamp="10 Sep 2018 09:15:57 GMT" time="74.631" errors="0">
  <testcase name="userLoginTest" time="51.482" classname="com.framework.tests.TheFloowTests"/>
  <testcase name="changePassword" time="23.149" classname="com.framework.tests.TheFloowTests"/>
</testsuite> <!-- com.framework.tests.TheFloowTests -->
