<?xml version="1.0" encoding="UTF-8"?>
<!-- Generated by org.testng.reporters.JUnitReportReporter -->
<testsuite skipped="0" hostname="DESKTOP-3NEPPNG" name="com.framework.tests.TheFloowTests" tests="2" failures="0" timestamp="10 Sep 2018 12:23:47 GMT" time="56.236" errors="0">
  <testcase name="userLoginTest" time="38.917" classname="com.framework.tests.TheFloowTests"/>
  <testcase name="changePassword" time="17.319" classname="com.framework.tests.TheFloowTests"/>
</testsuite> <!-- com.framework.tests.TheFloowTests -->
