<?xml version="1.0" encoding="UTF-8"?>
<!-- Generated by org.testng.reporters.JUnitReportReporter -->
<testsuite skipped="0" hostname="DESKTOP-3NEPPNG" name="com.framework.appium.BrowserTest" tests="1" failures="0" timestamp="08 Sep 2018 18:48:02 GMT" time="3.246" errors="0">
  <testcase name="login" time="3.246" classname="com.framework.appium.BrowserTest"/>
</testsuite> <!-- com.framework.appium.BrowserTest -->
