<?xml version="1.0" encoding="UTF-8"?>
<!-- Generated by org.testng.reporters.JUnitReportReporter -->
<testsuite skipped="0" hostname="DESKTOP-3NEPPNG" name="com.framework.appium.FileExplorerTest" tests="2" failures="0" timestamp="30 Aug 2018 09:56:10 GMT" time="29.395" errors="0">
  <testcase name="AddingNewFolder" time="12.519" classname="com.framework.appium.FileExplorerTest"/>
  <testcase name="deletingAddedFolder" time="16.876" classname="com.framework.appium.FileExplorerTest"/>
</testsuite> <!-- com.framework.appium.FileExplorerTest -->
