<?xml version="1.0" encoding="UTF-8"?>
<!-- Generated by org.testng.reporters.JUnitReportReporter -->
<testsuite skipped="0" hostname="DESKTOP-3NEPPNG" name="com.framework.appium.Scroll" tests="1" failures="0" timestamp="02 Sep 2018 11:13:12 GMT" time="2.362" errors="0">
  <testcase name="login" time="2.362" classname="com.framework.appium.Scroll"/>
</testsuite> <!-- com.framework.appium.Scroll -->
