<?xml version="1.0" encoding="UTF-8"?>
<!-- Generated by org.testng.reporters.JUnitReportReporter -->
<testsuite skipped="0" hostname="DESKTOP-3NEPPNG" name="com.framework.appium.BMICaluculator" tests="1" failures="0" timestamp="02 Sep 2018 11:17:55 GMT" time="29.572" errors="0">
  <testcase name="caluculateBMI" time="29.572" classname="com.framework.appium.BMICaluculator"/>
</testsuite> <!-- com.framework.appium.BMICaluculator -->
